<?xml version="1.0" encoding="UTF-8" standalone="yes"?>
<ns2:test-suite start="1504570622312" stop="1504570622637" version="1.5.4" xmlns:ns2="urn:model.allure.qatools.yandex.ru">
    <name>Surefire suite : Surefire test</name>
    <title>Surefire suite : Surefire test</title>
    <test-cases>
        <test-case start="1504570622482" stop="1504570622523" status="passed">
            <name>substractTest</name>
            <steps/>
            <attachments/>
            <labels>
                <label name="testSuite" value="Surefire suite"/>
                <label name="testGroup" value="Surefire test"/>
                <label name="testClass" value="core.SubtractTest"/>
                <label name="testMethod" value="substractTest"/>
                <label name="host" value="MacBook-Pro.local"/>
                <label name="thread" value="94901@MacBook-Pro.local.main(1)"/>
            </labels>
        </test-case>
        <test-case start="1504570622529" stop="1504570622531" status="passed">
            <name>substractTestb</name>
            <steps/>
            <attachments/>
            <labels>
                <label name="testSuite" value="Surefire suite"/>
                <label name="testGroup" value="Surefire test"/>
                <label name="testClass" value="core.SubtractTest"/>
                <label name="testMethod" value="substractTestb"/>
                <label name="host" value="MacBook-Pro.local"/>
                <label name="thread" value="94901@MacBook-Pro.local.main(1)"/>
            </labels>
        </test-case>
        <test-case start="1504570622533" stop="1504570622566" status="failed">
            <name>substractTestc</name>
            <failure>
                <message>AssertionError: 
Expected: &lt;45.0&gt;
     but: was &lt;400.0&gt;</message>
                <stack-trace>java.lang.AssertionError: 
Expected: &lt;45.0&gt;
     but: was &lt;400.0&gt;
	at org.hamcrest.MatcherAssert.assertThat(MatcherAssert.java:18)
	at org.hamcrest.MatcherAssert.assertThat(MatcherAssert.java:6)
	at core.SubtractTest.substractTestc(SubtractTest.java:20)
	at sun.reflect.NativeMethodAccessorImpl.invoke0(Native Method)
	at sun.reflect.NativeMethodAccessorImpl.invoke(NativeMethodAccessorImpl.java:62)
	at sun.reflect.DelegatingMethodAccessorImpl.invoke(DelegatingMethodAccessorImpl.java:43)
	at java.lang.reflect.Method.invoke(Method.java:498)
	at org.testng.internal.MethodInvocationHelper.invokeMethod(MethodInvocationHelper.java:108)
	at org.testng.internal.Invoker.invokeMethod(Invoker.java:661)
	at org.testng.internal.Invoker.invokeTestMethod(Invoker.java:869)
	at org.testng.internal.Invoker.invokeTestMethods(Invoker.java:1193)
	at org.testng.internal.TestMethodWorker.invokeTestMethods(TestMethodWorker.java:126)
	at org.testng.internal.TestMethodWorker.run(TestMethodWorker.java:109)
	at org.testng.TestRunner.privateRun(TestRunner.java:744)
	at org.testng.TestRunner.run(TestRunner.java:602)
	at org.testng.SuiteRunner.runTest(SuiteRunner.java:380)
	at org.testng.SuiteRunner.runSequentially(SuiteRunner.java:375)
	at org.testng.SuiteRunner.privateRun(SuiteRunner.java:340)
	at org.testng.SuiteRunner.run(SuiteRunner.java:289)
	at org.testng.SuiteRunnerWorker.runSuite(SuiteRunnerWorker.java:52)
	at org.testng.SuiteRunnerWorker.run(SuiteRunnerWorker.java:86)
	at org.testng.TestNG.runSuitesSequentially(TestNG.java:1301)
	at org.testng.TestNG.runSuitesLocally(TestNG.java:1226)
	at org.testng.TestNG.runSuites(TestNG.java:1144)
	at org.testng.TestNG.run(TestNG.java:1115)
	at org.apache.maven.surefire.testng.TestNGExecutor.run(TestNGExecutor.java:135)
	at org.apache.maven.surefire.testng.TestNGDirectoryTestSuite.executeSingleClass(TestNGDirectoryTestSuite.java:112)
	at org.apache.maven.surefire.testng.TestNGDirectoryTestSuite.execute(TestNGDirectoryTestSuite.java:99)
	at org.apache.maven.surefire.testng.TestNGProvider.invoke(TestNGProvider.java:146)
	at org.apache.maven.surefire.booter.ForkedBooter.invokeProviderInSameClassLoader(ForkedBooter.java:386)
	at org.apache.maven.surefire.booter.ForkedBooter.runSuitesInProcess(ForkedBooter.java:323)
	at org.apache.maven.surefire.booter.ForkedBooter.main(ForkedBooter.java:143)
</stack-trace>
            </failure>
            <steps/>
            <attachments/>
            <labels>
                <label name="testSuite" value="Surefire suite"/>
                <label name="testGroup" value="Surefire test"/>
                <label name="testClass" value="core.SubtractTest"/>
                <label name="testMethod" value="substractTestc"/>
                <label name="host" value="MacBook-Pro.local"/>
                <label name="thread" value="94901@MacBook-Pro.local.main(1)"/>
            </labels>
        </test-case>
        <test-case start="1504570622567" stop="1504570622568" status="passed">
            <name>substructTesta</name>
            <steps/>
            <attachments/>
            <labels>
                <label name="testSuite" value="Surefire suite"/>
                <label name="testGroup" value="Surefire test"/>
                <label name="testClass" value="core.SubtractTest"/>
                <label name="testMethod" value="substructTesta"/>
                <label name="host" value="MacBook-Pro.local"/>
                <label name="thread" value="94901@MacBook-Pro.local.main(1)"/>
            </labels>
        </test-case>
    </test-cases>
    <labels>
        <label name="framework" value="TestNG"/>
        <label name="language" value="JAVA"/>
    </labels>
</ns2:test-suite>
