<?xml version="1.0" encoding="UTF-8"?>
<testng-results skipped="0" failed="1" ignored="0" total="4" passed="3">
  <reporter-output>
  </reporter-output>
  <suite name="Surefire suite" duration-ms="285" started-at="2017-09-05T00:17:02Z" finished-at="2017-09-05T00:17:02Z">
    <groups>
    </groups>
    <test name="Surefire test" duration-ms="285" started-at="2017-09-05T00:17:02Z" finished-at="2017-09-05T00:17:02Z">
      <class name="core.SubtractTest">
        <test-method status="PASS" signature="substractTest()[pri:0, instance:core.SubtractTest@332f25c8]" name="substractTest" duration-ms="157" started-at="2017-09-04T17:17:02Z" finished-at="2017-09-04T17:17:02Z">
          <reporter-output>
          </reporter-output>
        </test-method> <!-- substractTest -->
        <test-method status="PASS" signature="substractTestb()[pri:0, instance:core.SubtractTest@332f25c8]" name="substractTestb" duration-ms="3" started-at="2017-09-04T17:17:02Z" finished-at="2017-09-04T17:17:02Z">
          <reporter-output>
          </reporter-output>
        </test-method> <!-- substractTestb -->
        <test-method status="FAIL" signature="substractTestc()[pri:0, instance:core.SubtractTest@332f25c8]" name="substractTestc" duration-ms="4" started-at="2017-09-04T17:17:02Z" finished-at="2017-09-04T17:17:02Z">
          <exception class="java.lang.AssertionError">
            <message>
              <![CDATA[
Expected: <45.0>
     but: was <400.0>]]>
            </message>
            <full-stacktrace>
              <![CDATA[java.lang.AssertionError: 
Expected: <45.0>
     but: was <400.0>
	at org.hamcrest.MatcherAssert.assertThat(MatcherAssert.java:18)
	at org.hamcrest.MatcherAssert.assertThat(MatcherAssert.java:6)
	at core.SubtractTest.substractTestc(SubtractTest.java:20)
	at sun.reflect.NativeMethodAccessorImpl.invoke0(Native Method)
	at sun.reflect.NativeMethodAccessorImpl.invoke(NativeMethodAccessorImpl.java:62)
	at sun.reflect.DelegatingMethodAccessorImpl.invoke(DelegatingMethodAccessorImpl.java:43)
	at java.lang.reflect.Method.invoke(Method.java:498)
	at org.testng.internal.MethodInvocationHelper.invokeMethod(MethodInvocationHelper.java:108)
	at org.testng.internal.Invoker.invokeMethod(Invoker.java:661)
	at org.testng.internal.Invoker.invokeTestMethod(Invoker.java:869)
	at org.testng.internal.Invoker.invokeTestMethods(Invoker.java:1193)
	at org.testng.internal.TestMethodWorker.invokeTestMethods(TestMethodWorker.java:126)
	at org.testng.internal.TestMethodWorker.run(TestMethodWorker.java:109)
	at org.testng.TestRunner.privateRun(TestRunner.java:744)
	at org.testng.TestRunner.run(TestRunner.java:602)
	at org.testng.SuiteRunner.runTest(SuiteRunner.java:380)
	at org.testng.SuiteRunner.runSequentially(SuiteRunner.java:375)
	at org.testng.SuiteRunner.privateRun(SuiteRunner.java:340)
	at org.testng.SuiteRunner.run(SuiteRunner.java:289)
	at org.testng.SuiteRunnerWorker.runSuite(SuiteRunnerWorker.java:52)
	at org.testng.SuiteRunnerWorker.run(SuiteRunnerWorker.java:86)
	at org.testng.TestNG.runSuitesSequentially(TestNG.java:1301)
	at org.testng.TestNG.runSuitesLocally(TestNG.java:1226)
	at org.testng.TestNG.runSuites(TestNG.java:1144)
	at org.testng.TestNG.run(TestNG.java:1115)
	at org.apache.maven.surefire.testng.TestNGExecutor.run(TestNGExecutor.java:135)
	at org.apache.maven.surefire.testng.TestNGDirectoryTestSuite.executeSingleClass(TestNGDirectoryTestSuite.java:112)
	at org.apache.maven.surefire.testng.TestNGDirectoryTestSuite.execute(TestNGDirectoryTestSuite.java:99)
	at org.apache.maven.surefire.testng.TestNGProvider.invoke(TestNGProvider.java:146)
	at org.apache.maven.surefire.booter.ForkedBooter.invokeProviderInSameClassLoader(ForkedBooter.java:386)
	at org.apache.maven.surefire.booter.ForkedBooter.runSuitesInProcess(ForkedBooter.java:323)
	at org.apache.maven.surefire.booter.ForkedBooter.main(ForkedBooter.java:143)
]]>
            </full-stacktrace>
          </exception> <!-- java.lang.AssertionError -->
          <reporter-output>
          </reporter-output>
        </test-method> <!-- substractTestc -->
        <test-method status="PASS" signature="substructTesta()[pri:0, instance:core.SubtractTest@332f25c8]" name="substructTesta" duration-ms="1" started-at="2017-09-04T17:17:02Z" finished-at="2017-09-04T17:17:02Z">
          <reporter-output>
          </reporter-output>
        </test-method> <!-- substructTesta -->
      </class> <!-- core.SubtractTest -->
    </test> <!-- Surefire test -->
  </suite> <!-- Surefire suite -->
</testng-results>
